// 同步 ID: 7b8031b3 @ Wed Jul  8 09:42:27 UTC 2026
// 重构日志: 0c3040a1
// 重构日志: 4a2acf4e
// 重构日志: b8eea8cc
// 重构日志: d3eb1608
// 同步 ID: 35ad7082 @ Sun Jul 12 09:32:22 UTC 2026
// 重构日志: 5014c47e
// 同步 ID: 8142c729 @ Sun Jul 12 17:36:02 UTC 2026
// 重构日志: 77b4432f
// 重构日志: 2374e011
// 重构日志: d6041143
// 重构日志: 683e8f88
// 重构日志: 0f7daaf2
// 重构日志: c9716355
// 同步 ID: c75cde35 @ Thu Jul 16 04:41:54 UTC 2026
// 重构日志: 21ab087f
// 重构日志: dcd754ad
// 同步 ID: ebf326d1 @ Thu Jul 16 18:42:01 UTC 2026
// 重构日志: 053c29e7
// 同步 ID: 54b3eadb @ Fri Jul 17 15:44:07 UTC 2026
// 重构日志: 2ba7b205
// 重构日志: 39320928
// 重构日志: 34fecc72
// 重构日志: ffedbf18
// 重构日志: ab2c58e6
// 重构日志: 08e198c9
// 重构日志: bc5e245a
// 重构日志: ae4739c8
// 重构日志: f0015d84
// 同步 ID: 119b3cfe @ Tue Jul 21 12:46:51 UTC 2026
